# JRE version: OpenJDK Runtime Environment Temurin-21.0.10+7 (21.0.10+7) (build 21.0.10+7-LTS)
# Java VM: OpenJDK 64-Bit Server VM Temurin-21.0.10+7 (21.0.10+7-LTS, mixed mode, sharing, tiered, compressed oops, compressed class ptrs, parallel gc, windows-amd64)
GC Precious Log:
 CardTable entry size: 512
 CPUs: 16 total, 16 available
 Memory: 32599M
 Large Page Support: Disabled
 NUMA Support: Disabled
 Compressed Oops: Enabled (32-bit)
 Alignments: Space 512K, Generation 512K, Heap 2M
 Heap Min Capacity: 100M
 Heap Initial Capacity: 100M
 Heap Max Capacity: 2G
 Pre-touch: Disabled
 Parallel Workers: 13
Heap:
 PSYoungGen      total 6656K, used 1552K [0x00000000d5580000, 0x00000000d6080000, 0x0000000100000000)
  eden space 6144K, 17% used [0x00000000d5580000,0x00000000d56881a0,0x00000000d5b80000)
  from space 512K, 96% used [0x00000000d6000000,0x00000000d607c010,0x00000000d6080000)
  to   space 1536K, 0% used [0x00000000d5d80000,0x00000000d5d80000,0x00000000d5f00000)
 ParOldGen       total 545280K, used 545018K [0x0000000080000000, 0x00000000a1480000, 0x00000000d5580000)
  object space 545280K, 99% used [0x0000000080000000,0x00000000a143e808,0x00000000a1480000)
 Metaspace       used 96496K, committed 98176K, reserved 1179648K
  class space    used 9329K, committed 10112K, reserved 1048576K
GC Heap History (20 events):
Event: 141527.391 GC heap before
{Heap before GC invocations=18539 (full 41):
 PSYoungGen      total 8192K, used 7296K [0x00000000d5580000, 0x00000000d6180000, 0x0000000100000000)
  eden space 4096K, 100% used [0x00000000d5580000,0x00000000d5980000,0x00000000d5980000)
  from space 4096K, 78% used [0x00000000d5d80000,0x00000000d60a0000,0x00000000d6180000)
  to   space 4096K, 0% used [0x00000000d5980000,0x00000000d5980000,0x00000000d5d80000)
 ParOldGen       total 519168K, used 519146K [0x0000000080000000, 0x000000009fb00000, 0x00000000d5580000)
  object space 519168K, 99% used [0x0000000080000000,0x000000009fafab30,0x000000009fb00000)
 Metaspace       used 96492K, committed 98176K, reserved 1179648K
  class space    used 9329K, committed 10112K, reserved 1048576K
}
Event: 141527.394 GC heap after
{Heap after GC invocations=18539 (full 41):
 PSYoungGen      total 8192K, used 4096K [0x00000000d5580000, 0x00000000d6a80000, 0x0000000100000000)
  eden space 4096K, 0% used [0x00000000d5580000,0x00000000d5580000,0x00000000d5980000)
  from space 4096K, 100% used [0x00000000d5980000,0x00000000d5d80000,0x00000000d5d80000)
  to   space 8192K, 0% used [0x00000000d6280000,0x00000000d6280000,0x00000000d6a80000)
 ParOldGen       total 522752K, used 522338K [0x0000000080000000, 0x000000009fe80000, 0x00000000d5580000)
  object space 522752K, 99% used [0x0000000080000000,0x000000009fe18b30,0x000000009fe80000)
 Metaspace       used 96492K, committed 98176K, reserved 1179648K
  class space    used 9329K, committed 10112K, reserved 1048576K
}
Event: 141527.404 GC heap before
{Heap before GC invocations=18540 (full 41):
 PSYoungGen      total 8192K, used 8192K [0x00000000d5580000, 0x00000000d6a80000, 0x0000000100000000)
  eden space 4096K, 100% used [0x00000000d5580000,0x00000000d5980000,0x00000000d5980000)
  from space 4096K, 100% used [0x00000000d5980000,0x00000000d5d80000,0x00000000d5d80000)
  to   space 8192K, 0% used [0x00000000d6280000,0x00000000d6280000,0x00000000d6a80000)
 ParOldGen       total 522752K, used 522338K [0x0000000080000000, 0x000000009fe80000, 0x00000000d5580000)
  object space 522752K, 99% used [0x0000000080000000,0x000000009fe18b30,0x000000009fe80000)
 Metaspace       used 96492K, committed 98176K, reserved 1179648K
  class space    used 9329K, committed 10112K, reserved 1048576K
}
Event: 141527.407 GC heap after
{Heap after GC invocations=18540 (full 41):
 PSYoungGen      total 9728K, used 4256K [0x00000000d5580000, 0x00000000d6700000, 0x0000000100000000)
  eden space 5120K, 0% used [0x00000000d5580000,0x00000000d5580000,0x00000000d5a80000)
  from space 4608K, 92% used [0x00000000d6280000,0x00000000d66a8000,0x00000000d6700000)
  to   space 5632K, 0% used [0x00000000d5c00000,0x00000000d5c00000,0x00000000d6180000)
 ParOldGen       total 526848K, used 526418K [0x0000000080000000, 0x00000000a0280000, 0x00000000d5580000)
  object space 526848K, 99% used [0x0000000080000000,0x00000000a0214b30,0x00000000a0280000)
 Metaspace       used 96492K, committed 98176K, reserved 1179648K
  class space    used 9329K, committed 10112K, reserved 1048576K
}
Event: 141527.420 GC heap before
{Heap before GC invocations=18541 (full 41):
 PSYoungGen      total 9728K, used 9376K [0x00000000d5580000, 0x00000000d6700000, 0x0000000100000000)
  eden space 5120K, 100% used [0x00000000d5580000,0x00000000d5a80000,0x00000000d5a80000)
  from space 4608K, 92% used [0x00000000d6280000,0x00000000d66a8000,0x00000000d6700000)
  to   space 5632K, 0% used [0x00000000d5c00000,0x00000000d5c00000,0x00000000d6180000)
 ParOldGen       total 526848K, used 526418K [0x0000000080000000, 0x00000000a0280000, 0x00000000d5580000)
  object space 526848K, 99% used [0x0000000080000000,0x00000000a0214b30,0x00000000a0280000)
 Metaspace       used 96492K, committed 98176K, reserved 1179648K
  class space    used 9329K, committed 10112K, reserved 1048576K
}
Event: 141527.423 GC heap after
{Heap after GC invocations=18541 (full 41):
 PSYoungGen      total 11776K, used 5280K [0x00000000d5580000, 0x00000000d6680000, 0x0000000100000000)
  eden space 6144K, 0% used [0x00000000d5580000,0x00000000d5580000,0x00000000d5b80000)
  from space 5632K, 93% used [0x00000000d5c00000,0x00000000d6128000,0x00000000d6180000)
  to   space 5120K, 0% used [0x00000000d6180000,0x00000000d6180000,0x00000000d6680000)
 ParOldGen       total 530944K, used 530578K [0x0000000080000000, 0x00000000a0680000, 0x00000000d5580000)
  object space 530944K, 99% used [0x0000000080000000,0x00000000a0624b30,0x00000000a0680000)
 Metaspace       used 96492K, committed 98176K, reserved 1179648K
  class space    used 9329K, committed 10112K, reserved 1048576K
}
Event: 141527.573 GC heap before
{Heap before GC invocations=18542 (full 41):
 PSYoungGen      total 11776K, used 11424K [0x00000000d5580000, 0x00000000d6680000, 0x0000000100000000)
  eden space 6144K, 100% used [0x00000000d5580000,0x00000000d5b80000,0x00000000d5b80000)
  from space 5632K, 93% used [0x00000000d5c00000,0x00000000d6128000,0x00000000d6180000)
  to   space 5120K, 0% used [0x00000000d6180000,0x00000000d6180000,0x00000000d6680000)
 ParOldGen       total 530944K, used 530578K [0x0000000080000000, 0x00000000a0680000, 0x00000000d5580000)
  object space 530944K, 99% used [0x0000000080000000,0x00000000a0624b30,0x00000000a0680000)
 Metaspace       used 96492K, committed 98176K, reserved 1179648K
  class space    used 9329K, committed 10112K, reserved 1048576K
}
Event: 141527.577 GC heap after
{Heap after GC invocations=18542 (full 41):
 PSYoungGen      total 11264K, used 4992K [0x00000000d5580000, 0x00000000d6680000, 0x0000000100000000)
  eden space 6144K, 0% used [0x00000000d5580000,0x00000000d5580000,0x00000000d5b80000)
  from space 5120K, 97% used [0x00000000d6180000,0x00000000d6660000,0x00000000d6680000)
  to   space 5120K, 0% used [0x00000000d5c80000,0x00000000d5c80000,0x00000000d6180000)
 ParOldGen       total 536064K, used 535754K [0x0000000080000000, 0x00000000a0b80000, 0x00000000d5580000)
  object space 536064K, 99% used [0x0000000080000000,0x00000000a0b32b30,0x00000000a0b80000)
 Metaspace       used 96492K, committed 98176K, reserved 1179648K
  class space    used 9329K, committed 10112K, reserved 1048576K
}
Event: 141527.699 GC heap before
{Heap before GC invocations=18543 (full 41):
 PSYoungGen      total 11264K, used 11136K [0x00000000d5580000, 0x00000000d6680000, 0x0000000100000000)
  eden space 6144K, 100% used [0x00000000d5580000,0x00000000d5b80000,0x00000000d5b80000)
  from space 5120K, 97% used [0x00000000d6180000,0x00000000d6660000,0x00000000d6680000)
  to   space 5120K, 0% used [0x00000000d5c80000,0x00000000d5c80000,0x00000000d6180000)
 ParOldGen       total 536064K, used 535754K [0x0000000080000000, 0x00000000a0b80000, 0x00000000d5580000)
  object space 536064K, 99% used [0x0000000080000000,0x00000000a0b32b30,0x00000000a0b80000)
 Metaspace       used 96492K, committed 98176K, reserved 1179648K
  class space    used 9329K, committed 10112K, reserved 1048576K
}
Event: 141527.705 GC heap after
{Heap after GC invocations=18543 (full 41):
 PSYoungGen      total 10752K, used 4432K [0x00000000d5580000, 0x00000000d6580000, 0x0000000100000000)
  eden space 6144K, 0% used [0x00000000d5580000,0x00000000d5580000,0x00000000d5b80000)
  from space 4608K, 96% used [0x00000000d5c80000,0x00000000d60d4010,0x00000000d6100000)
  to   space 4608K, 0% used [0x00000000d6100000,0x00000000d6100000,0x00000000d6580000)
 ParOldGen       total 539648K, used 539266K [0x0000000080000000, 0x00000000a0f00000, 0x00000000d5580000)
  object space 539648K, 99% used [0x0000000080000000,0x00000000a0ea0b30,0x00000000a0f00000)
 Metaspace       used 96492K, committed 98176K, reserved 1179648K
  class space    used 9329K, committed 10112K, reserved 1048576K
}
Event: 141528.312 GC heap before
{Heap before GC invocations=18544 (full 41):
 PSYoungGen      total 10752K, used 10576K [0x00000000d5580000, 0x00000000d6580000, 0x0000000100000000)
  eden space 6144K, 100% used [0x00000000d5580000,0x00000000d5b80000,0x00000000d5b80000)
  from space 4608K, 96% used [0x00000000d5c80000,0x00000000d60d4010,0x00000000d6100000)
  to   space 4608K, 0% used [0x00000000d6100000,0x00000000d6100000,0x00000000d6580000)
 ParOldGen       total 539648K, used 539266K [0x0000000080000000, 0x00000000a0f00000, 0x00000000d5580000)
  object space 539648K, 99% used [0x0000000080000000,0x00000000a0ea0b30,0x00000000a0f00000)
 Metaspace       used 96492K, committed 98176K, reserved 1179648K
  class space    used 9329K, committed 10112K, reserved 1048576K
}
Event: 141528.316 GC heap after
{Heap after GC invocations=18544 (full 41):
 PSYoungGen      total 6656K, used 464K [0x00000000d5580000, 0x00000000d6180000, 0x0000000100000000)
  eden space 6144K, 0% used [0x00000000d5580000,0x00000000d5580000,0x00000000d5b80000)
  from space 512K, 90% used [0x00000000d6100000,0x00000000d6174010,0x00000000d6180000)
  to   space 2048K, 0% used [0x00000000d5d80000,0x00000000d5d80000,0x00000000d5f80000)
 ParOldGen       total 543744K, used 543258K [0x0000000080000000, 0x00000000a1300000, 0x00000000d5580000)
  object space 543744K, 99% used [0x0000000080000000,0x00000000a1286b30,0x00000000a1300000)
 Metaspace       used 96492K, committed 98176K, reserved 1179648K
  class space    used 9329K, committed 10112K, reserved 1048576K
}
Event: 212816.002 GC heap before
{Heap before GC invocations=18545 (full 41):
 PSYoungGen      total 6656K, used 5635K [0x00000000d5580000, 0x00000000d6180000, 0x0000000100000000)
  eden space 6144K, 84% used [0x00000000d5580000,0x00000000d5a8cdd8,0x00000000d5b80000)
  from space 512K, 90% used [0x00000000d6100000,0x00000000d6174010,0x00000000d6180000)
  to   space 2048K, 0% used [0x00000000d5d80000,0x00000000d5d80000,0x00000000d5f80000)
 ParOldGen       total 543744K, used 543258K [0x0000000080000000, 0x00000000a1300000, 0x00000000d5580000)
  object space 543744K, 99% used [0x0000000080000000,0x00000000a1286b30,0x00000000a1300000)
 Metaspace       used 96496K, committed 98176K, reserved 1179648K
  class space    used 9329K, committed 10112K, reserved 1048576K
}
Event: 212816.083 GC heap after
{Heap after GC invocations=18545 (full 41):
 PSYoungGen      total 8192K, used 928K [0x00000000d5580000, 0x00000000d6180000, 0x0000000100000000)
  eden space 6144K, 0% used [0x00000000d5580000,0x00000000d5580000,0x00000000d5b80000)
  from space 2048K, 45% used [0x00000000d5d80000,0x00000000d5e68020,0x00000000d5f80000)
  to   space 1536K, 0% used [0x00000000d6000000,0x00000000d6000000,0x00000000d6180000)
 ParOldGen       total 543744K, used 543362K [0x0000000080000000, 0x00000000a1300000, 0x00000000d5580000)
  object space 543744K, 99% used [0x0000000080000000,0x00000000a12a0b30,0x00000000a1300000)
 Metaspace       used 96496K, committed 98176K, reserved 1179648K
  class space    used 9329K, committed 10112K, reserved 1048576K
}
Event: 212816.224 GC heap before
{Heap before GC invocations=18546 (full 41):
 PSYoungGen      total 8192K, used 7072K [0x00000000d5580000, 0x00000000d6180000, 0x0000000100000000)
  eden space 6144K, 100% used [0x00000000d5580000,0x00000000d5b80000,0x00000000d5b80000)
  from space 2048K, 45% used [0x00000000d5d80000,0x00000000d5e68020,0x00000000d5f80000)
  to   space 1536K, 0% used [0x00000000d6000000,0x00000000d6000000,0x00000000d6180000)
 ParOldGen       total 543744K, used 543362K [0x0000000080000000, 0x00000000a1300000, 0x00000000d5580000)
  object space 543744K, 99% used [0x0000000080000000,0x00000000a12a0b30,0x00000000a1300000)
 Metaspace       used 96496K, committed 98176K, reserved 1179648K
  class space    used 9329K, committed 10112K, reserved 1048576K
}
Event: 212816.226 GC heap after
{Heap after GC invocations=18546 (full 41):
 PSYoungGen      total 7168K, used 638K [0x00000000d5580000, 0x00000000d6100000, 0x0000000100000000)
  eden space 6144K, 0% used [0x00000000d5580000,0x00000000d5580000,0x00000000d5b80000)
  from space 1024K, 62% used [0x00000000d6000000,0x00000000d609f948,0x00000000d6100000)
  to   space 1024K, 0% used [0x00000000d5f00000,0x00000000d5f00000,0x00000000d6000000)
 ParOldGen       total 544256K, used 544111K [0x0000000080000000, 0x00000000a1380000, 0x00000000d5580000)
  object space 544256K, 99% used [0x0000000080000000,0x00000000a135bfe0,0x00000000a1380000)
 Metaspace       used 96496K, committed 98176K, reserved 1179648K
  class space    used 9329K, committed 10112K, reserved 1048576K
}
Event: 212816.473 GC heap before
{Heap before GC invocations=18547 (full 41):
 PSYoungGen      total 7168K, used 6782K [0x00000000d5580000, 0x00000000d6100000, 0x0000000100000000)
  eden space 6144K, 100% used [0x00000000d5580000,0x00000000d5b80000,0x00000000d5b80000)
  from space 1024K, 62% used [0x00000000d6000000,0x00000000d609f948,0x00000000d6100000)
  to   space 1024K, 0% used [0x00000000d5f00000,0x00000000d5f00000,0x00000000d6000000)
 ParOldGen       total 544256K, used 544111K [0x0000000080000000, 0x00000000a1380000, 0x00000000d5580000)
  object space 544256K, 99% used [0x0000000080000000,0x00000000a135bfe0,0x00000000a1380000)
 Metaspace       used 96496K, committed 98176K, reserved 1179648K
  class space    used 9329K, committed 10112K, reserved 1048576K
}
Event: 212816.475 GC heap after
{Heap after GC invocations=18547 (full 41):
 PSYoungGen      total 7168K, used 704K [0x00000000d5580000, 0x00000000d6080000, 0x0000000100000000)
  eden space 6144K, 0% used [0x00000000d5580000,0x00000000d5580000,0x00000000d5b80000)
  from space 1024K, 68% used [0x00000000d5f00000,0x00000000d5fb0000,0x00000000d6000000)
  to   space 512K, 0% used [0x00000000d6000000,0x00000000d6000000,0x00000000d6080000)
 ParOldGen       total 544768K, used 544502K [0x0000000080000000, 0x00000000a1400000, 0x00000000d5580000)
  object space 544768K, 99% used [0x0000000080000000,0x00000000a13bd928,0x00000000a1400000)
 Metaspace       used 96496K, committed 98176K, reserved 1179648K
  class space    used 9329K, committed 10112K, reserved 1048576K
}
Event: 212816.881 GC heap before
{Heap before GC invocations=18548 (full 41):
 PSYoungGen      total 7168K, used 6848K [0x00000000d5580000, 0x00000000d6080000, 0x0000000100000000)
  eden space 6144K, 100% used [0x00000000d5580000,0x00000000d5b80000,0x00000000d5b80000)
  from space 1024K, 68% used [0x00000000d5f00000,0x00000000d5fb0000,0x00000000d6000000)
  to   space 512K, 0% used [0x00000000d6000000,0x00000000d6000000,0x00000000d6080000)
 ParOldGen       total 544768K, used 544502K [0x0000000080000000, 0x00000000a1400000, 0x00000000d5580000)
  object space 544768K, 99% used [0x0000000080000000,0x00000000a13bd928,0x00000000a1400000)
 Metaspace       used 96496K, committed 98176K, reserved 1179648K
  class space    used 9329K, committed 10112K, reserved 1048576K
}
Event: 212816.882 GC heap after
{Heap after GC invocations=18548 (full 41):
 PSYoungGen      total 6656K, used 496K [0x00000000d5580000, 0x00000000d6080000, 0x0000000100000000)
  eden space 6144K, 0% used [0x00000000d5580000,0x00000000d5580000,0x00000000d5b80000)
  from space 512K, 96% used [0x00000000d6000000,0x00000000d607c010,0x00000000d6080000)
  to   space 1536K, 0% used [0x00000000d5d80000,0x00000000d5d80000,0x00000000d5f00000)
 ParOldGen       total 545280K, used 545018K [0x0000000080000000, 0x00000000a1480000, 0x00000000d5580000)
  object space 545280K, 99% used [0x0000000080000000,0x00000000a143e808,0x00000000a1480000)
 Metaspace       used 96496K, committed 98176K, reserved 1179648K
  class space    used 9329K, committed 10112K, reserved 1048576K
}

